2021-05-17 12:40:18,682 debug message 
2021-05-17 12:40:18,682 info message 
2021-05-17 12:40:18,682 warn message 
2021-05-17 12:40:18,682 error message 
2021-05-17 12:40:18,682 fatal message 
2021-05-17 12:40:18,682 debug message 
2021-05-17 12:40:18,682 info message 
2021-05-17 12:40:18,682 debug message 
2021-05-17 12:40:18,682 info message 
2021-05-17 12:40:18,682 debug message 
2021-05-17 12:40:18,682 info message 
2021-05-18 09:08:59,258 debug message 
2021-05-18 09:08:59,271 info message 
2021-05-18 09:08:59,271 warn message 
2021-05-18 09:08:59,271 error message 
2021-05-18 09:08:59,271 fatal message 
2021-05-18 09:08:59,271 debug message 
2021-05-18 09:08:59,271 info message 
2021-05-18 09:08:59,272 debug message 
2021-05-18 09:08:59,272 info message 
2021-05-18 09:08:59,272 debug message 
2021-05-18 09:08:59,272 info message 
